<?xml version="1.0" encoding="UTF-8"?>
<!-- Generated by org.testng.reporters.JUnitReportReporter -->
<testsuite hostname="Shamanth" failures="0" tests="3" name="dadaDriven.excelDataProvider.dataProvider" time="0.036" errors="0" timestamp="2024-01-31T09:56:24 IST" skipped="0">
  <testcase classname="dadaDriven.excelDataProvider.dataProvider" name="testCaseData" time="0.003"/>
  <system-out/>
  <testcase classname="dadaDriven.excelDataProvider.dataProvider" name="testCaseData" time="0.028"/>
  <system-out/>
  <testcase classname="dadaDriven.excelDataProvider.dataProvider" name="testCaseData" time="0.005"/>
  <system-out/>
</testsuite> <!-- dadaDriven.excelDataProvider.dataProvider -->
