<?xml version="1.0" encoding="UTF-8"?>
<!-- Generated by org.testng.reporters.JUnitReportReporter -->
<testsuite hostname="Shamanth" failures="0" tests="3" name="dadaDriven.excelDataProvider.dataProviderExcel" time="0.027" errors="0" timestamp="2024-01-31T10:02:43 IST" skipped="0">
  <testcase classname="dadaDriven.excelDataProvider.dataProviderExcel" name="testCaseData" time="0.002"/>
  <system-out/>
  <testcase classname="dadaDriven.excelDataProvider.dataProviderExcel" name="testCaseData" time="0.023"/>
  <system-out/>
  <testcase classname="dadaDriven.excelDataProvider.dataProviderExcel" name="testCaseData" time="0.002"/>
  <system-out/>
</testsuite> <!-- dadaDriven.excelDataProvider.dataProviderExcel -->
