<?xml version="1.0" encoding="UTF-8"?>
<!-- Generated by org.testng.reporters.JUnitReportReporter -->
<testsuite hostname="Shamanth" failures="0" tests="1" name="dadaDriven.excelDataProvider.excel" time="1.071" errors="0" timestamp="2024-01-31T07:44:40 IST" skipped="0">
  <testcase classname="dadaDriven.excelDataProvider.excel" name="getExcel" time="1.071"/>
  <system-out/>
</testsuite> <!-- dadaDriven.excelDataProvider.excel -->
